0 info it worked if it ends with ok
1 verbose cli [ 'C:\\Program Files\\nodejs\\node.exe',
1 verbose cli   'C:\\Program Files\\nodejs\\node_modules\\npm\\bin\\npm-cli.js',
1 verbose cli   'start' ]
2 info using npm@3.10.8
3 info using node@v6.9.1
4 verbose run-script [ 'prestart', 'start', 'poststart' ]
5 info lifecycle nodeinterface@0.0.0~prestart: nodeinterface@0.0.0
6 silly lifecycle nodeinterface@0.0.0~prestart: no script for prestart, continuing
7 info lifecycle nodeinterface@0.0.0~start: nodeinterface@0.0.0
8 verbose lifecycle nodeinterface@0.0.0~start: unsafe-perm in lifecycle true
9 verbose lifecycle nodeinterface@0.0.0~start: PATH: C:\Program Files\nodejs\node_modules\npm\bin\node-gyp-bin;E:\Apache\htdocs\bangbang_web\nodeInterface\node_modules\.bin;C:\Program Files (x86)\CollabNet\Subversion Client;C:\ProgramData\Oracle\Java\javapath;C:\Windows\system32;C:\Windows;C:\Windows\System32\Wbem;C:\Windows\System32\WindowsPowerShell\v1.0\;D:\jdk\bin;C:\Program Files\TortoiseSVN\bin;C:\Program Files\MySQL\MySQL Server 5.5\bin;D:\WNMPSVR;D:\WNMPSVR\php;D:\WNMPSVR\mysql\bin;C:\Users\funny\AppData\Local\Programs\Git\bin;C:\Program Files\nodejs\;C:\Program Files (x86)\SSH Communications Security\SSH Secure Shell;E:\php;E:\php\ext;C:\Ruby22\bin;E:\Apache\htdocs\SEO\phantomjs-2.1.1-windows\bin;C:\Users\funny\AppData\Roaming\npm
10 verbose lifecycle nodeinterface@0.0.0~start: CWD: E:\Apache\htdocs\bangbang_web\nodeInterface
11 silly lifecycle nodeinterface@0.0.0~start: Args: [ '/d /s /c', 'node ./bin/www' ]
12 verbose stack Error: kill ENOSYS
12 verbose stack     at exports._errnoException (util.js:1026:11)
12 verbose stack     at process.kill (internal/process.js:172:13)
12 verbose stack     at process.listener (C:\Program Files\nodejs\node_modules\npm\node_modules\npmlog\node_modules\gauge\node_modules\signal-exit\index.js:86:15)
12 verbose stack     at emitNone (events.js:91:20)
12 verbose stack     at process.emit (events.js:185:7)
12 verbose stack     at processEmit (C:\Program Files\nodejs\node_modules\npm\node_modules\npmlog\node_modules\gauge\node_modules\signal-exit\index.js:146:32)
12 verbose stack     at processEmit (C:\Program Files\nodejs\node_modules\npm\node_modules\npm-registry-client\node_modules\npmlog\node_modules\gauge\node_modules\signal-exit\index.js:146:32)
12 verbose stack     at Signal.wrap.onsignal (internal/process.js:199:44)
13 verbose cwd E:\Apache\htdocs\bangbang_web\nodeInterface
14 error Windows_NT 6.1.7600
15 error argv "C:\\Program Files\\nodejs\\node.exe" "C:\\Program Files\\nodejs\\node_modules\\npm\\bin\\npm-cli.js" "start"
16 error node v6.9.1
17 error npm  v3.10.8
18 error code ENOSYS
19 error errno ENOSYS
20 error syscall kill
21 error kill ENOSYS
22 error If you need help, you may report this error at:
22 error     <https://github.com/npm/npm/issues>
23 verbose exit [ 1, true ]
