0 info it worked if it ends with ok
1 verbose cli [ 'C:\\Program Files\\nodejs\\node.exe',
1 verbose cli   'C:\\Program Files\\nodejs\\node_modules\\npm\\bin\\npm-cli.js',
1 verbose cli   'install' ]
2 info using npm@3.10.8
3 info using node@v6.9.1
4 silly loadCurrentTree Starting
5 silly install loadCurrentTree
6 silly install readLocalPackageData
7 silly install normalizeTree
8 silly loadCurrentTree Finishing
9 silly loadIdealTree Starting
10 silly install loadIdealTree
11 silly cloneCurrentTree Starting
12 silly install cloneCurrentTreeToIdealTree
13 silly cloneCurrentTree Finishing
14 silly loadShrinkwrap Starting
15 silly install loadShrinkwrap
16 silly loadShrinkwrap Finishing
17 silly loadAllDepsIntoIdealTree Starting
18 silly install loadAllDepsIntoIdealTree
19 silly fetchNamedPackageData connect-modrewrite
20 silly mapToRegistry name connect-modrewrite
21 silly mapToRegistry using default registry
22 silly mapToRegistry registry https://registry.npmjs.org/
23 silly mapToRegistry data Result {
23 silly mapToRegistry   raw: 'connect-modrewrite',
23 silly mapToRegistry   scope: null,
23 silly mapToRegistry   escapedName: 'connect-modrewrite',
23 silly mapToRegistry   name: 'connect-modrewrite',
23 silly mapToRegistry   rawSpec: '',
23 silly mapToRegistry   spec: 'latest',
23 silly mapToRegistry   type: 'tag' }
24 silly mapToRegistry uri https://registry.npmjs.org/connect-modrewrite
25 verbose request uri https://registry.npmjs.org/connect-modrewrite
26 verbose request no auth needed
27 info attempt registry request try #1 at 17:28:04
28 verbose request id e7450c2955a5ee27
29 verbose etag W/"56e3d630-13c63"
30 verbose lastModified Sat, 12 Mar 2016 08:41:20 GMT
31 http request GET https://registry.npmjs.org/connect-modrewrite
32 http 304 https://registry.npmjs.org/connect-modrewrite
33 verbose headers { date: 'Thu, 15 Dec 2016 09:28:10 GMT',
33 verbose headers   via: '1.1 varnish',
33 verbose headers   'cache-control': 'max-age=300',
33 verbose headers   etag: 'W/"56e3d630-13c63"',
33 verbose headers   age: '0',
33 verbose headers   connection: 'keep-alive',
33 verbose headers   'x-served-by': 'cache-nrt6134-NRT',
33 verbose headers   'x-cache': 'MISS',
33 verbose headers   'x-cache-hits': '0',
33 verbose headers   'x-timer': 'S1481794090.658356,VS0,VE118',
33 verbose headers   vary: 'Accept-Encoding' }
34 silly get cb [ 304,
34 silly get   { date: 'Thu, 15 Dec 2016 09:28:10 GMT',
34 silly get     via: '1.1 varnish',
34 silly get     'cache-control': 'max-age=300',
34 silly get     etag: 'W/"56e3d630-13c63"',
34 silly get     age: '0',
34 silly get     connection: 'keep-alive',
34 silly get     'x-served-by': 'cache-nrt6134-NRT',
34 silly get     'x-cache': 'MISS',
34 silly get     'x-cache-hits': '0',
34 silly get     'x-timer': 'S1481794090.658356,VS0,VE118',
34 silly get     vary: 'Accept-Encoding' } ]
35 verbose etag https://registry.npmjs.org/connect-modrewrite from cache
36 verbose get saving connect-modrewrite to C:\Users\funny\AppData\Roaming\npm-cache\registry.npmjs.org\connect-modrewrite\.cache.json
37 verbose correctMkdir C:\Users\funny\AppData\Roaming\npm-cache correctMkdir not in flight; initializing
38 silly fetchNamedPackageData No valid target from cache, forcing network
39 verbose request uri https://registry.npmjs.org/connect-modrewrite
40 verbose request no auth needed
41 info attempt registry request try #1 at 17:28:13
42 http request GET https://registry.npmjs.org/connect-modrewrite
43 http 200 https://registry.npmjs.org/connect-modrewrite
44 verbose headers { server: 'nginx/1.10.1',
44 verbose headers   'content-type': 'application/json',
44 verbose headers   'last-modified': 'Sat, 12 Mar 2016 08:41:20 GMT',
44 verbose headers   etag: 'W/"56e3d630-13c63"',
44 verbose headers   'content-encoding': 'gzip',
44 verbose headers   'cache-control': 'max-age=300',
44 verbose headers   'content-length': '6738',
44 verbose headers   'accept-ranges': 'bytes',
44 verbose headers   date: 'Thu, 15 Dec 2016 09:28:10 GMT',
44 verbose headers   via: '1.1 varnish',
44 verbose headers   age: '0',
44 verbose headers   connection: 'keep-alive',
44 verbose headers   'x-served-by': 'cache-nrt6134-NRT',
44 verbose headers   'x-cache': 'HIT',
44 verbose headers   'x-cache-hits': '1',
44 verbose headers   'x-timer': 'S1481794090.982139,VS0,VE0',
44 verbose headers   vary: 'Accept-Encoding' }
45 silly get cb [ 200,
45 silly get   { server: 'nginx/1.10.1',
45 silly get     'content-type': 'application/json',
45 silly get     'last-modified': 'Sat, 12 Mar 2016 08:41:20 GMT',
45 silly get     etag: 'W/"56e3d630-13c63"',
45 silly get     'content-encoding': 'gzip',
45 silly get     'cache-control': 'max-age=300',
45 silly get     'content-length': '6738',
45 silly get     'accept-ranges': 'bytes',
45 silly get     date: 'Thu, 15 Dec 2016 09:28:10 GMT',
45 silly get     via: '1.1 varnish',
45 silly get     age: '0',
45 silly get     connection: 'keep-alive',
45 silly get     'x-served-by': 'cache-nrt6134-NRT',
45 silly get     'x-cache': 'HIT',
45 silly get     'x-cache-hits': '1',
45 silly get     'x-timer': 'S1481794090.982139,VS0,VE0',
45 silly get     vary: 'Accept-Encoding' } ]
46 verbose get saving connect-modrewrite to C:\Users\funny\AppData\Roaming\npm-cache\registry.npmjs.org\connect-modrewrite\.cache.json
47 verbose correctMkdir C:\Users\funny\AppData\Roaming\npm-cache correctMkdir not in flight; initializing
48 silly fetchPackageMetaData Error: No compatible version found: connect-modrewrite@last
48 silly fetchPackageMetaData Valid install targets:
48 silly fetchPackageMetaData 0.9.0, 0.8.5, 0.8.3, 0.8.2, 0.8.1, 0.8.0, 0.7.12, 0.7.11, 0.7.9, 0.7.8, 0.7.7, 0.7.6, 0.7.5, 0.7.4, 0.7.3, 0.7.2, 0.7.1, 0.7.0, 0.6.4, 0.6.4-pre, 0.6.3-pre, 0.6.2-pre, 0.6.1-pre, 0.6.0-pre, 0.5.11, 0.5.10, 0.5.9, 0.5.8, 0.5.7, 0.5.6, 0.5.5, 0.5.4, 0.5.3, 0.5.1, 0.5.0, 0.4.1, 0.4.0, 0.3.16, 0.3.15, 0.3.14, 0.3.13, 0.3.10, 0.3.9, 0.3.8, 0.3.7, 0.3.6, 0.3.5, 0.3.4, 0.3.3, 0.3.2, 0.3.0, 0.2.3, 0.2.2, 0.2.1, 0.2.0, 0.1.5, 0.1.4, 0.1.3, 0.1.2, 0.1.1
48 silly fetchPackageMetaData
48 silly fetchPackageMetaData     at pickVersionFromRegistryDocument (C:\Program Files\nodejs\node_modules\npm\lib\fetch-package-metadata.js:178:16)
48 silly fetchPackageMetaData     at C:\Program Files\nodejs\node_modules\npm\node_modules\iferr\index.js:13:50
48 silly fetchPackageMetaData     at C:\Program Files\nodejs\node_modules\npm\lib\utils\pulse-till-done.js:20:8
48 silly fetchPackageMetaData     at saved (C:\Program Files\nodejs\node_modules\npm\lib\cache\caching-client.js:174:7)
48 silly fetchPackageMetaData     at C:\Program Files\nodejs\node_modules\npm\node_modules\graceful-fs\polyfills.js:233:18
48 silly fetchPackageMetaData     at FSReqWrap.oncomplete (fs.js:123:15)
48 silly fetchPackageMetaData  error for connect-modrewrite@last { Error: No compatible version found: connect-modrewrite@last
48 silly fetchPackageMetaData Valid install targets:
48 silly fetchPackageMetaData 0.9.0, 0.8.5, 0.8.3, 0.8.2, 0.8.1, 0.8.0, 0.7.12, 0.7.11, 0.7.9, 0.7.8, 0.7.7, 0.7.6, 0.7.5, 0.7.4, 0.7.3, 0.7.2, 0.7.1, 0.7.0, 0.6.4, 0.6.4-pre, 0.6.3-pre, 0.6.2-pre, 0.6.1-pre, 0.6.0-pre, 0.5.11, 0.5.10, 0.5.9, 0.5.8, 0.5.7, 0.5.6, 0.5.5, 0.5.4, 0.5.3, 0.5.1, 0.5.0, 0.4.1, 0.4.0, 0.3.16, 0.3.15, 0.3.14, 0.3.13, 0.3.10, 0.3.9, 0.3.8, 0.3.7, 0.3.6, 0.3.5, 0.3.4, 0.3.3, 0.3.2, 0.3.0, 0.2.3, 0.2.2, 0.2.1, 0.2.0, 0.1.5, 0.1.4, 0.1.3, 0.1.2, 0.1.1
48 silly fetchPackageMetaData
48 silly fetchPackageMetaData     at pickVersionFromRegistryDocument (C:\Program Files\nodejs\node_modules\npm\lib\fetch-package-metadata.js:178:16)
48 silly fetchPackageMetaData     at C:\Program Files\nodejs\node_modules\npm\node_modules\iferr\index.js:13:50
48 silly fetchPackageMetaData     at C:\Program Files\nodejs\node_modules\npm\lib\utils\pulse-till-done.js:20:8
48 silly fetchPackageMetaData     at saved (C:\Program Files\nodejs\node_modules\npm\lib\cache\caching-client.js:174:7)
48 silly fetchPackageMetaData     at C:\Program Files\nodejs\node_modules\npm\node_modules\graceful-fs\polyfills.js:233:18
48 silly fetchPackageMetaData     at FSReqWrap.oncomplete (fs.js:123:15) code: 'ETARGET' }
49 silly rollbackFailedOptional Starting
50 silly rollbackFailedOptional Finishing
51 silly runTopLevelLifecycles Finishing
52 silly install printInstalled
53 verbose stack Error: No compatible version found: connect-modrewrite@last
53 verbose stack Valid install targets:
53 verbose stack 0.9.0, 0.8.5, 0.8.3, 0.8.2, 0.8.1, 0.8.0, 0.7.12, 0.7.11, 0.7.9, 0.7.8, 0.7.7, 0.7.6, 0.7.5, 0.7.4, 0.7.3, 0.7.2, 0.7.1, 0.7.0, 0.6.4, 0.6.4-pre, 0.6.3-pre, 0.6.2-pre, 0.6.1-pre, 0.6.0-pre, 0.5.11, 0.5.10, 0.5.9, 0.5.8, 0.5.7, 0.5.6, 0.5.5, 0.5.4, 0.5.3, 0.5.1, 0.5.0, 0.4.1, 0.4.0, 0.3.16, 0.3.15, 0.3.14, 0.3.13, 0.3.10, 0.3.9, 0.3.8, 0.3.7, 0.3.6, 0.3.5, 0.3.4, 0.3.3, 0.3.2, 0.3.0, 0.2.3, 0.2.2, 0.2.1, 0.2.0, 0.1.5, 0.1.4, 0.1.3, 0.1.2, 0.1.1
53 verbose stack
53 verbose stack     at pickVersionFromRegistryDocument (C:\Program Files\nodejs\node_modules\npm\lib\fetch-package-metadata.js:178:16)
53 verbose stack     at C:\Program Files\nodejs\node_modules\npm\node_modules\iferr\index.js:13:50
53 verbose stack     at C:\Program Files\nodejs\node_modules\npm\lib\utils\pulse-till-done.js:20:8
53 verbose stack     at saved (C:\Program Files\nodejs\node_modules\npm\lib\cache\caching-client.js:174:7)
53 verbose stack     at C:\Program Files\nodejs\node_modules\npm\node_modules\graceful-fs\polyfills.js:233:18
53 verbose stack     at FSReqWrap.oncomplete (fs.js:123:15)
54 verbose cwd E:\Apache\htdocs\bangbang_web\web
55 error Windows_NT 6.1.7600
56 error argv "C:\\Program Files\\nodejs\\node.exe" "C:\\Program Files\\nodejs\\node_modules\\npm\\bin\\npm-cli.js" "install"
57 error node v6.9.1
58 error npm  v3.10.8
59 error code ETARGET
60 error notarget No compatible version found: connect-modrewrite@last
60 error notarget Valid install targets:
60 error notarget 0.9.0, 0.8.5, 0.8.3, 0.8.2, 0.8.1, 0.8.0, 0.7.12, 0.7.11, 0.7.9, 0.7.8, 0.7.7, 0.7.6, 0.7.5, 0.7.4, 0.7.3, 0.7.2, 0.7.1, 0.7.0, 0.6.4, 0.6.4-pre, 0.6.3-pre, 0.6.2-pre, 0.6.1-pre, 0.6.0-pre, 0.5.11, 0.5.10, 0.5.9, 0.5.8, 0.5.7, 0.5.6, 0.5.5, 0.5.4, 0.5.3, 0.5.1, 0.5.0, 0.4.1, 0.4.0, 0.3.16, 0.3.15, 0.3.14, 0.3.13, 0.3.10, 0.3.9, 0.3.8, 0.3.7, 0.3.6, 0.3.5, 0.3.4, 0.3.3, 0.3.2, 0.3.0, 0.2.3, 0.2.2, 0.2.1, 0.2.0, 0.1.5, 0.1.4, 0.1.3, 0.1.2, 0.1.1
61 error notarget This is most likely not a problem with npm itself.
61 error notarget In most cases you or one of your dependencies are requesting
61 error notarget a package version that doesn't exist.
61 error notarget
61 error notarget It was specified as a dependency of 'reacttest'
62 verbose exit [ 1, true ]
